<?xml version="1.0" encoding="UTF-8"?>
<testng-results ignored="0" total="1" passed="1" failed="0" skipped="0">
  <reporter-output>
  </reporter-output>
  <suite started-at="2021-03-03T22:35:08 EST" name="Default suite" finished-at="2021-03-03T22:35:28 EST" duration-ms="19446">
    <groups>
    </groups>
    <test started-at="2021-03-03T22:35:08 EST" name="Default test" finished-at="2021-03-03T22:35:28 EST" duration-ms="19446">
      <class name="com.TestPageObjectModel.ClearTripMainPage">
        <test-method is-config="true" signature="setup()[pri:0, instance:com.TestPageObjectModel.ClearTripMainPage@77fbd92c]" started-at="2021-03-03T22:35:08 EST" name="setup" finished-at="2021-03-03T22:35:18 EST" duration-ms="10109" status="PASS">
          <reporter-output>
          </reporter-output>
        </test-method> <!-- setup -->
        <test-method signature="Test1()[pri:0, instance:com.TestPageObjectModel.ClearTripMainPage@77fbd92c]" started-at="2021-03-03T22:35:18 EST" name="Test1" finished-at="2021-03-03T22:35:28 EST" duration-ms="9272" status="PASS">
          <reporter-output>
          </reporter-output>
        </test-method> <!-- Test1 -->
      </class> <!-- com.TestPageObjectModel.ClearTripMainPage -->
    </test> <!-- Default test -->
  </suite> <!-- Default suite -->
</testng-results>
